[17-Feb-2016 14:15:15 Asia/Shanghai] PHP Parse error:  syntax error, unexpected ''/../app/application.php'' (T_CONSTANT_ENCAPSED_STRING) in /web/www/php-wireframe/public/index.php on line 2
[17-Feb-2016 14:15:15 Asia/Shanghai] PHP Parse error:  syntax error, unexpected ''/../app/application.php'' (T_CONSTANT_ENCAPSED_STRING) in /web/www/php-wireframe/public/index.php on line 2
[17-Feb-2016 14:15:25 Asia/Shanghai] PHP Notice:  Undefined variable: moduleResolver in /web/www/php-wireframe/app/vendor/php-di/dm.php on line 27
[17-Feb-2016 14:15:25 Asia/Shanghai] PHP Fatal error:  Uncaught exception 'InvalidArgumentException' with message 'Module '' is not available. You either misspelled the module name or forgot to load it. If you are registering a module, ensure that you specify the dependencies as the second argument' in /web/www/php-wireframe/app/vendor/php-di/dm.php:34
Stack trace:
#0 /web/www/php-wireframe/app/application.php(25): DependencyManager->module(NULL)
#1 /web/www/php-wireframe/public/index.php(8): Application::bootstrap(NULL, 'core', Object(Closure))
#2 {main}
  thrown in /web/www/php-wireframe/app/vendor/php-di/dm.php on line 34
[17-Feb-2016 14:15:26 Asia/Shanghai] PHP Notice:  Undefined variable: moduleResolver in /web/www/php-wireframe/app/vendor/php-di/dm.php on line 27
[17-Feb-2016 14:15:26 Asia/Shanghai] PHP Fatal error:  Uncaught exception 'InvalidArgumentException' with message 'Module '' is not available. You either misspelled the module name or forgot to load it. If you are registering a module, ensure that you specify the dependencies as the second argument' in /web/www/php-wireframe/app/vendor/php-di/dm.php:34
Stack trace:
#0 /web/www/php-wireframe/app/application.php(25): DependencyManager->module(NULL)
#1 /web/www/php-wireframe/public/index.php(8): Application::bootstrap(NULL, 'core', Object(Closure))
#2 {main}
  thrown in /web/www/php-wireframe/app/vendor/php-di/dm.php on line 34
[17-Feb-2016 14:23:44 Asia/Shanghai] PHP Warning:  require(/web/www/php-wireframe/app/modules//config.php): failed to open stream: No such file or directory in /web/www/php-wireframe/app/application.php on line 16
[17-Feb-2016 14:23:44 Asia/Shanghai] PHP Fatal error:  require(): Failed opening required '/web/www/php-wireframe/app/modules//config.php' (include_path='.:/usr/share/php:/usr/share/pear') in /web/www/php-wireframe/app/application.php on line 16
[17-Feb-2016 14:23:45 Asia/Shanghai] PHP Warning:  require(/web/www/php-wireframe/app/modules//config.php): failed to open stream: No such file or directory in /web/www/php-wireframe/app/application.php on line 16
[17-Feb-2016 14:23:45 Asia/Shanghai] PHP Fatal error:  require(): Failed opening required '/web/www/php-wireframe/app/modules//config.php' (include_path='.:/usr/share/php:/usr/share/pear') in /web/www/php-wireframe/app/application.php on line 16
[17-Feb-2016 14:24:04 Asia/Shanghai] PHP Fatal error:  require(): Cannot redeclare class pagecontroller in /web/www/php-wireframe/app/modules/core/config.php on line 2
[17-Feb-2016 14:24:04 Asia/Shanghai] PHP Fatal error:  require(): Cannot redeclare class pagecontroller in /web/www/php-wireframe/app/modules/core/config.php on line 2
[17-Feb-2016 14:24:32 Asia/Shanghai] PHP Fatal error:  require(): Cannot redeclare class pagecontroller in /web/www/php-wireframe/app/modules/core/config.php on line 3
[17-Feb-2016 14:24:33 Asia/Shanghai] PHP Fatal error:  require(): Cannot redeclare class pagecontroller in /web/www/php-wireframe/app/modules/core/config.php on line 3
[17-Feb-2016 14:25:03 Asia/Shanghai] PHP Fatal error:  require(): Cannot redeclare class pagecontroller in /web/www/php-wireframe/app/modules/core/config.php on line 2
[17-Feb-2016 14:25:03 Asia/Shanghai] PHP Fatal error:  require(): Cannot redeclare class pagecontroller in /web/www/php-wireframe/app/modules/core/config.php on line 2
[17-Feb-2016 14:25:36 Asia/Shanghai] PHP Fatal error:  require(): Cannot redeclare class pagecontroller in /web/www/php-wireframe/app/modules/core/config.php on line 2
[17-Feb-2016 14:25:36 Asia/Shanghai] PHP Fatal error:  require(): Cannot redeclare class pagecontroller in /web/www/php-wireframe/app/modules/core/config.php on line 2
[17-Feb-2016 14:25:58 Asia/Shanghai] PHP Fatal error:  require(): Cannot redeclare class pagecontroller in /web/www/php-wireframe/app/modules/core/config.php on line 2
[17-Feb-2016 14:25:59 Asia/Shanghai] PHP Fatal error:  require(): Cannot redeclare class pagecontroller in /web/www/php-wireframe/app/modules/core/config.php on line 2
[17-Feb-2016 14:26:00 Asia/Shanghai] PHP Fatal error:  require(): Cannot redeclare class pagecontroller in /web/www/php-wireframe/app/modules/core/config.php on line 2
[17-Feb-2016 14:26:24 Asia/Shanghai] PHP Warning:  Missing argument 2 for Module::controller(), called in /web/www/php-wireframe/app/modules/core/config.php on line 8 and defined in /web/www/php-wireframe/app/vendor/php-di/module.php on line 63
[17-Feb-2016 14:26:24 Asia/Shanghai] PHP Notice:  Undefined variable: className in /web/www/php-wireframe/app/vendor/php-di/module.php on line 64
[17-Feb-2016 14:26:24 Asia/Shanghai] PHP Fatal error:  Uncaught exception 'RuntimeException' with message 'Unknown provider 'controller' encountered' in /web/www/php-wireframe/app/vendor/php-di/dm.php:52
Stack trace:
#0 [internal function]: DependencyManager->{closure}('controller', Object(Injector))
#1 /web/www/php-wireframe/app/vendor/php-di/injector.php(72): call_user_func(Object(Closure), 'controller', Object(Injector))
#2 /web/www/php-wireframe/app/vendor/php-di/dm.php(104): Injector->get('controller')
#3 /web/www/php-wireframe/app/vendor/php-di/dm.php(94): DependencyManager->runQueue(Array, Object(Injector))
#4 /web/www/php-wireframe/app/vendor/php-di/dm.php(71): DependencyManager->loadModules(Array, Object(Injector))
#5 /web/www/php-wireframe/app/application.php(30): DependencyManager->createInjector(Array)
#6 /web/www/php-wireframe/public/index.php(8): Application::bootstrap('core', NULL, Object(Closure))
#7 {main}
  thrown in /web/www/php-wireframe/app/vendor/php-di/dm.php on line 52
[17-Feb-2016 14:26:24 Asia/Shanghai] PHP Warning:  Missing argument 2 for Module::controller(), called in /web/www/php-wireframe/app/modules/core/config.php on line 8 and defined in /web/www/php-wireframe/app/vendor/php-di/module.php on line 63
[17-Feb-2016 14:26:24 Asia/Shanghai] PHP Notice:  Undefined variable: className in /web/www/php-wireframe/app/vendor/php-di/module.php on line 64
[17-Feb-2016 14:26:24 Asia/Shanghai] PHP Fatal error:  Uncaught exception 'RuntimeException' with message 'Unknown provider 'controller' encountered' in /web/www/php-wireframe/app/vendor/php-di/dm.php:52
Stack trace:
#0 [internal function]: DependencyManager->{closure}('controller', Object(Injector))
#1 /web/www/php-wireframe/app/vendor/php-di/injector.php(72): call_user_func(Object(Closure), 'controller', Object(Injector))
#2 /web/www/php-wireframe/app/vendor/php-di/dm.php(104): Injector->get('controller')
#3 /web/www/php-wireframe/app/vendor/php-di/dm.php(94): DependencyManager->runQueue(Array, Object(Injector))
#4 /web/www/php-wireframe/app/vendor/php-di/dm.php(71): DependencyManager->loadModules(Array, Object(Injector))
#5 /web/www/php-wireframe/app/application.php(30): DependencyManager->createInjector(Array)
#6 /web/www/php-wireframe/public/index.php(8): Application::bootstrap('core', NULL, Object(Closure))
#7 {main}
  thrown in /web/www/php-wireframe/app/vendor/php-di/dm.php on line 52
[17-Feb-2016 14:26:57 Asia/Shanghai] PHP Fatal error:  Uncaught exception 'RuntimeException' with message 'Unknown provider 'controller' encountered' in /web/www/php-wireframe/app/vendor/php-di/dm.php:52
Stack trace:
#0 [internal function]: DependencyManager->{closure}('controller', Object(Injector))
#1 /web/www/php-wireframe/app/vendor/php-di/injector.php(72): call_user_func(Object(Closure), 'controller', Object(Injector))
#2 /web/www/php-wireframe/app/vendor/php-di/dm.php(104): Injector->get('controller')
#3 /web/www/php-wireframe/app/vendor/php-di/dm.php(94): DependencyManager->runQueue(Array, Object(Injector))
#4 /web/www/php-wireframe/app/vendor/php-di/dm.php(71): DependencyManager->loadModules(Array, Object(Injector))
#5 /web/www/php-wireframe/app/application.php(30): DependencyManager->createInjector(Array)
#6 /web/www/php-wireframe/public/index.php(8): Application::bootstrap('core', NULL, Object(Closure))
#7 {main}
  thrown in /web/www/php-wireframe/app/vendor/php-di/dm.php on line 52
[17-Feb-2016 14:26:57 Asia/Shanghai] PHP Fatal error:  Uncaught exception 'RuntimeException' with message 'Unknown provider 'controller' encountered' in /web/www/php-wireframe/app/vendor/php-di/dm.php:52
Stack trace:
#0 [internal function]: DependencyManager->{closure}('controller', Object(Injector))
#1 /web/www/php-wireframe/app/vendor/php-di/injector.php(72): call_user_func(Object(Closure), 'controller', Object(Injector))
#2 /web/www/php-wireframe/app/vendor/php-di/dm.php(104): Injector->get('controller')
#3 /web/www/php-wireframe/app/vendor/php-di/dm.php(94): DependencyManager->runQueue(Array, Object(Injector))
#4 /web/www/php-wireframe/app/vendor/php-di/dm.php(71): DependencyManager->loadModules(Array, Object(Injector))
#5 /web/www/php-wireframe/app/application.php(30): DependencyManager->createInjector(Array)
#6 /web/www/php-wireframe/public/index.php(8): Application::bootstrap('core', NULL, Object(Closure))
#7 {main}
  thrown in /web/www/php-wireframe/app/vendor/php-di/dm.php on line 52
[17-Feb-2016 14:28:13 Asia/Shanghai] PHP Fatal error:  Uncaught exception 'RuntimeException' with message 'Unknown provider 'controller' encountered' in /web/www/php-wireframe/app/vendor/php-di/dm.php:52
Stack trace:
#0 [internal function]: DependencyManager->{closure}('controller', Object(Injector))
#1 /web/www/php-wireframe/app/vendor/php-di/injector.php(72): call_user_func(Object(Closure), 'controller', Object(Injector))
#2 /web/www/php-wireframe/app/vendor/php-di/dm.php(104): Injector->get('controller')
#3 /web/www/php-wireframe/app/vendor/php-di/dm.php(94): DependencyManager->runQueue(Array, Object(Injector))
#4 /web/www/php-wireframe/app/vendor/php-di/dm.php(71): DependencyManager->loadModules(Array, Object(Injector))
#5 /web/www/php-wireframe/app/application.php(30): DependencyManager->createInjector(Array)
#6 /web/www/php-wireframe/public/index.php(8): Application::bootstrap('core', NULL, Object(Closure))
#7 {main}
  thrown in /web/www/php-wireframe/app/vendor/php-di/dm.php on line 52
[17-Feb-2016 14:28:13 Asia/Shanghai] PHP Fatal error:  Uncaught exception 'RuntimeException' with message 'Unknown provider 'controller' encountered' in /web/www/php-wireframe/app/vendor/php-di/dm.php:52
Stack trace:
#0 [internal function]: DependencyManager->{closure}('controller', Object(Injector))
#1 /web/www/php-wireframe/app/vendor/php-di/injector.php(72): call_user_func(Object(Closure), 'controller', Object(Injector))
#2 /web/www/php-wireframe/app/vendor/php-di/dm.php(104): Injector->get('controller')
#3 /web/www/php-wireframe/app/vendor/php-di/dm.php(94): DependencyManager->runQueue(Array, Object(Injector))
#4 /web/www/php-wireframe/app/vendor/php-di/dm.php(71): DependencyManager->loadModules(Array, Object(Injector))
#5 /web/www/php-wireframe/app/application.php(30): DependencyManager->createInjector(Array)
#6 /web/www/php-wireframe/public/index.php(8): Application::bootstrap('core', NULL, Object(Closure))
#7 {main}
  thrown in /web/www/php-wireframe/app/vendor/php-di/dm.php on line 52
[17-Feb-2016 14:28:24 Asia/Shanghai] PHP Fatal error:  Uncaught exception 'RuntimeException' with message 'Unknown provider 'controller' encountered' in /web/www/php-wireframe/app/vendor/php-di/dm.php:52
Stack trace:
#0 [internal function]: DependencyManager->{closure}('controller', Object(Injector))
#1 /web/www/php-wireframe/app/vendor/php-di/injector.php(72): call_user_func(Object(Closure), 'controller', Object(Injector))
#2 /web/www/php-wireframe/app/vendor/php-di/dm.php(105): Injector->get('controller')
#3 /web/www/php-wireframe/app/vendor/php-di/dm.php(95): DependencyManager->runQueue(Array, Object(Injector))
#4 /web/www/php-wireframe/app/vendor/php-di/dm.php(72): DependencyManager->loadModules(Array, Object(Injector))
#5 /web/www/php-wireframe/app/application.php(30): DependencyManager->createInjector(Array)
#6 /web/www/php-wireframe/public/index.php(8): Application::bootstrap('core', NULL, Object(Closure))
#7 {main}
  thrown in /web/www/php-wireframe/app/vendor/php-di/dm.php on line 52
[17-Feb-2016 14:28:24 Asia/Shanghai] PHP Fatal error:  Uncaught exception 'RuntimeException' with message 'Unknown provider 'controller' encountered' in /web/www/php-wireframe/app/vendor/php-di/dm.php:52
Stack trace:
#0 [internal function]: DependencyManager->{closure}('controller', Object(Injector))
#1 /web/www/php-wireframe/app/vendor/php-di/injector.php(72): call_user_func(Object(Closure), 'controller', Object(Injector))
#2 /web/www/php-wireframe/app/vendor/php-di/dm.php(105): Injector->get('controller')
#3 /web/www/php-wireframe/app/vendor/php-di/dm.php(95): DependencyManager->runQueue(Array, Object(Injector))
#4 /web/www/php-wireframe/app/vendor/php-di/dm.php(72): DependencyManager->loadModules(Array, Object(Injector))
#5 /web/www/php-wireframe/app/application.php(30): DependencyManager->createInjector(Array)
#6 /web/www/php-wireframe/public/index.php(8): Application::bootstrap('core', NULL, Object(Closure))
#7 {main}
  thrown in /web/www/php-wireframe/app/vendor/php-di/dm.php on line 52
[17-Feb-2016 14:28:25 Asia/Shanghai] PHP Fatal error:  Uncaught exception 'RuntimeException' with message 'Unknown provider 'controller' encountered' in /web/www/php-wireframe/app/vendor/php-di/dm.php:52
Stack trace:
#0 [internal function]: DependencyManager->{closure}('controller', Object(Injector))
#1 /web/www/php-wireframe/app/vendor/php-di/injector.php(72): call_user_func(Object(Closure), 'controller', Object(Injector))
#2 /web/www/php-wireframe/app/vendor/php-di/dm.php(105): Injector->get('controller')
#3 /web/www/php-wireframe/app/vendor/php-di/dm.php(95): DependencyManager->runQueue(Array, Object(Injector))
#4 /web/www/php-wireframe/app/vendor/php-di/dm.php(72): DependencyManager->loadModules(Array, Object(Injector))
#5 /web/www/php-wireframe/app/application.php(30): DependencyManager->createInjector(Array)
#6 /web/www/php-wireframe/public/index.php(8): Application::bootstrap('core', NULL, Object(Closure))
#7 {main}
  thrown in /web/www/php-wireframe/app/vendor/php-di/dm.php on line 52
[17-Feb-2016 14:28:25 Asia/Shanghai] PHP Fatal error:  Uncaught exception 'RuntimeException' with message 'Unknown provider 'controller' encountered' in /web/www/php-wireframe/app/vendor/php-di/dm.php:52
Stack trace:
#0 [internal function]: DependencyManager->{closure}('controller', Object(Injector))
#1 /web/www/php-wireframe/app/vendor/php-di/injector.php(72): call_user_func(Object(Closure), 'controller', Object(Injector))
#2 /web/www/php-wireframe/app/vendor/php-di/dm.php(105): Injector->get('controller')
#3 /web/www/php-wireframe/app/vendor/php-di/dm.php(95): DependencyManager->runQueue(Array, Object(Injector))
#4 /web/www/php-wireframe/app/vendor/php-di/dm.php(72): DependencyManager->loadModules(Array, Object(Injector))
#5 /web/www/php-wireframe/app/application.php(30): DependencyManager->createInjector(Array)
#6 /web/www/php-wireframe/public/index.php(8): Application::bootstrap('core', NULL, Object(Closure))
#7 {main}
  thrown in /web/www/php-wireframe/app/vendor/php-di/dm.php on line 52
[17-Feb-2016 14:28:25 Asia/Shanghai] PHP Fatal error:  Uncaught exception 'RuntimeException' with message 'Unknown provider 'controller' encountered' in /web/www/php-wireframe/app/vendor/php-di/dm.php:52
Stack trace:
#0 [internal function]: DependencyManager->{closure}('controller', Object(Injector))
#1 /web/www/php-wireframe/app/vendor/php-di/injector.php(72): call_user_func(Object(Closure), 'controller', Object(Injector))
#2 /web/www/php-wireframe/app/vendor/php-di/dm.php(105): Injector->get('controller')
#3 /web/www/php-wireframe/app/vendor/php-di/dm.php(95): DependencyManager->runQueue(Array, Object(Injector))
#4 /web/www/php-wireframe/app/vendor/php-di/dm.php(72): DependencyManager->loadModules(Array, Object(Injector))
#5 /web/www/php-wireframe/app/application.php(30): DependencyManager->createInjector(Array)
#6 /web/www/php-wireframe/public/index.php(8): Application::bootstrap('core', NULL, Object(Closure))
#7 {main}
  thrown in /web/www/php-wireframe/app/vendor/php-di/dm.php on line 52
[17-Feb-2016 14:28:25 Asia/Shanghai] PHP Fatal error:  Uncaught exception 'RuntimeException' with message 'Unknown provider 'controller' encountered' in /web/www/php-wireframe/app/vendor/php-di/dm.php:52
Stack trace:
#0 [internal function]: DependencyManager->{closure}('controller', Object(Injector))
#1 /web/www/php-wireframe/app/vendor/php-di/injector.php(72): call_user_func(Object(Closure), 'controller', Object(Injector))
#2 /web/www/php-wireframe/app/vendor/php-di/dm.php(105): Injector->get('controller')
#3 /web/www/php-wireframe/app/vendor/php-di/dm.php(95): DependencyManager->runQueue(Array, Object(Injector))
#4 /web/www/php-wireframe/app/vendor/php-di/dm.php(72): DependencyManager->loadModules(Array, Object(Injector))
#5 /web/www/php-wireframe/app/application.php(30): DependencyManager->createInjector(Array)
#6 /web/www/php-wireframe/public/index.php(8): Application::bootstrap('core', NULL, Object(Closure))
#7 {main}
  thrown in /web/www/php-wireframe/app/vendor/php-di/dm.php on line 52
[17-Feb-2016 14:28:26 Asia/Shanghai] PHP Fatal error:  Uncaught exception 'RuntimeException' with message 'Unknown provider 'controller' encountered' in /web/www/php-wireframe/app/vendor/php-di/dm.php:52
Stack trace:
#0 [internal function]: DependencyManager->{closure}('controller', Object(Injector))
#1 /web/www/php-wireframe/app/vendor/php-di/injector.php(72): call_user_func(Object(Closure), 'controller', Object(Injector))
#2 /web/www/php-wireframe/app/vendor/php-di/dm.php(105): Injector->get('controller')
#3 /web/www/php-wireframe/app/vendor/php-di/dm.php(95): DependencyManager->runQueue(Array, Object(Injector))
#4 /web/www/php-wireframe/app/vendor/php-di/dm.php(72): DependencyManager->loadModules(Array, Object(Injector))
#5 /web/www/php-wireframe/app/application.php(30): DependencyManager->createInjector(Array)
#6 /web/www/php-wireframe/public/index.php(8): Application::bootstrap('core', NULL, Object(Closure))
#7 {main}
  thrown in /web/www/php-wireframe/app/vendor/php-di/dm.php on line 52
[17-Feb-2016 14:28:26 Asia/Shanghai] PHP Fatal error:  Uncaught exception 'RuntimeException' with message 'Unknown provider 'controller' encountered' in /web/www/php-wireframe/app/vendor/php-di/dm.php:52
Stack trace:
#0 [internal function]: DependencyManager->{closure}('controller', Object(Injector))
#1 /web/www/php-wireframe/app/vendor/php-di/injector.php(72): call_user_func(Object(Closure), 'controller', Object(Injector))
#2 /web/www/php-wireframe/app/vendor/php-di/dm.php(105): Injector->get('controller')
#3 /web/www/php-wireframe/app/vendor/php-di/dm.php(95): DependencyManager->runQueue(Array, Object(Injector))
#4 /web/www/php-wireframe/app/vendor/php-di/dm.php(72): DependencyManager->loadModules(Array, Object(Injector))
#5 /web/www/php-wireframe/app/application.php(30): DependencyManager->createInjector(Array)
#6 /web/www/php-wireframe/public/index.php(8): Application::bootstrap('core', NULL, Object(Closure))
#7 {main}
  thrown in /web/www/php-wireframe/app/vendor/php-di/dm.php on line 52
[17-Feb-2016 14:28:26 Asia/Shanghai] PHP Fatal error:  Uncaught exception 'RuntimeException' with message 'Unknown provider 'controller' encountered' in /web/www/php-wireframe/app/vendor/php-di/dm.php:52
Stack trace:
#0 [internal function]: DependencyManager->{closure}('controller', Object(Injector))
#1 /web/www/php-wireframe/app/vendor/php-di/injector.php(72): call_user_func(Object(Closure), 'controller', Object(Injector))
#2 /web/www/php-wireframe/app/vendor/php-di/dm.php(105): Injector->get('controller')
#3 /web/www/php-wireframe/app/vendor/php-di/dm.php(95): DependencyManager->runQueue(Array, Object(Injector))
#4 /web/www/php-wireframe/app/vendor/php-di/dm.php(72): DependencyManager->loadModules(Array, Object(Injector))
#5 /web/www/php-wireframe/app/application.php(30): DependencyManager->createInjector(Array)
#6 /web/www/php-wireframe/public/index.php(8): Application::bootstrap('core', NULL, Object(Closure))
#7 {main}
  thrown in /web/www/php-wireframe/app/vendor/php-di/dm.php on line 52
[17-Feb-2016 14:28:26 Asia/Shanghai] PHP Fatal error:  Uncaught exception 'RuntimeException' with message 'Unknown provider 'controller' encountered' in /web/www/php-wireframe/app/vendor/php-di/dm.php:52
Stack trace:
#0 [internal function]: DependencyManager->{closure}('controller', Object(Injector))
#1 /web/www/php-wireframe/app/vendor/php-di/injector.php(72): call_user_func(Object(Closure), 'controller', Object(Injector))
#2 /web/www/php-wireframe/app/vendor/php-di/dm.php(105): Injector->get('controller')
#3 /web/www/php-wireframe/app/vendor/php-di/dm.php(95): DependencyManager->runQueue(Array, Object(Injector))
#4 /web/www/php-wireframe/app/vendor/php-di/dm.php(72): DependencyManager->loadModules(Array, Object(Injector))
#5 /web/www/php-wireframe/app/application.php(30): DependencyManager->createInjector(Array)
#6 /web/www/php-wireframe/public/index.php(8): Application::bootstrap('core', NULL, Object(Closure))
#7 {main}
  thrown in /web/www/php-wireframe/app/vendor/php-di/dm.php on line 52
[17-Feb-2016 14:28:26 Asia/Shanghai] PHP Fatal error:  Uncaught exception 'RuntimeException' with message 'Unknown provider 'controller' encountered' in /web/www/php-wireframe/app/vendor/php-di/dm.php:52
Stack trace:
#0 [internal function]: DependencyManager->{closure}('controller', Object(Injector))
#1 /web/www/php-wireframe/app/vendor/php-di/injector.php(72): call_user_func(Object(Closure), 'controller', Object(Injector))
#2 /web/www/php-wireframe/app/vendor/php-di/dm.php(105): Injector->get('controller')
#3 /web/www/php-wireframe/app/vendor/php-di/dm.php(95): DependencyManager->runQueue(Array, Object(Injector))
#4 /web/www/php-wireframe/app/vendor/php-di/dm.php(72): DependencyManager->loadModules(Array, Object(Injector))
#5 /web/www/php-wireframe/app/application.php(30): DependencyManager->createInjector(Array)
#6 /web/www/php-wireframe/public/index.php(8): Application::bootstrap('core', NULL, Object(Closure))
#7 {main}
  thrown in /web/www/php-wireframe/app/vendor/php-di/dm.php on line 52
[17-Feb-2016 14:28:26 Asia/Shanghai] PHP Fatal error:  Uncaught exception 'RuntimeException' with message 'Unknown provider 'controller' encountered' in /web/www/php-wireframe/app/vendor/php-di/dm.php:52
Stack trace:
#0 [internal function]: DependencyManager->{closure}('controller', Object(Injector))
#1 /web/www/php-wireframe/app/vendor/php-di/injector.php(72): call_user_func(Object(Closure), 'controller', Object(Injector))
#2 /web/www/php-wireframe/app/vendor/php-di/dm.php(105): Injector->get('controller')
#3 /web/www/php-wireframe/app/vendor/php-di/dm.php(95): DependencyManager->runQueue(Array, Object(Injector))
#4 /web/www/php-wireframe/app/vendor/php-di/dm.php(72): DependencyManager->loadModules(Array, Object(Injector))
#5 /web/www/php-wireframe/app/application.php(30): DependencyManager->createInjector(Array)
#6 /web/www/php-wireframe/public/index.php(8): Application::bootstrap('core', NULL, Object(Closure))
#7 {main}
  thrown in /web/www/php-wireframe/app/vendor/php-di/dm.php on line 52
[17-Feb-2016 14:28:26 Asia/Shanghai] PHP Fatal error:  Uncaught exception 'RuntimeException' with message 'Unknown provider 'controller' encountered' in /web/www/php-wireframe/app/vendor/php-di/dm.php:52
Stack trace:
#0 [internal function]: DependencyManager->{closure}('controller', Object(Injector))
#1 /web/www/php-wireframe/app/vendor/php-di/injector.php(72): call_user_func(Object(Closure), 'controller', Object(Injector))
#2 /web/www/php-wireframe/app/vendor/php-di/dm.php(105): Injector->get('controller')
#3 /web/www/php-wireframe/app/vendor/php-di/dm.php(95): DependencyManager->runQueue(Array, Object(Injector))
#4 /web/www/php-wireframe/app/vendor/php-di/dm.php(72): DependencyManager->loadModules(Array, Object(Injector))
#5 /web/www/php-wireframe/app/application.php(30): DependencyManager->createInjector(Array)
#6 /web/www/php-wireframe/public/index.php(8): Application::bootstrap('core', NULL, Object(Closure))
#7 {main}
  thrown in /web/www/php-wireframe/app/vendor/php-di/dm.php on line 52
[17-Feb-2016 14:28:26 Asia/Shanghai] PHP Fatal error:  Uncaught exception 'RuntimeException' with message 'Unknown provider 'controller' encountered' in /web/www/php-wireframe/app/vendor/php-di/dm.php:52
Stack trace:
#0 [internal function]: DependencyManager->{closure}('controller', Object(Injector))
#1 /web/www/php-wireframe/app/vendor/php-di/injector.php(72): call_user_func(Object(Closure), 'controller', Object(Injector))
#2 /web/www/php-wireframe/app/vendor/php-di/dm.php(105): Injector->get('controller')
#3 /web/www/php-wireframe/app/vendor/php-di/dm.php(95): DependencyManager->runQueue(Array, Object(Injector))
#4 /web/www/php-wireframe/app/vendor/php-di/dm.php(72): DependencyManager->loadModules(Array, Object(Injector))
#5 /web/www/php-wireframe/app/application.php(30): DependencyManager->createInjector(Array)
#6 /web/www/php-wireframe/public/index.php(8): Application::bootstrap('core', NULL, Object(Closure))
#7 {main}
  thrown in /web/www/php-wireframe/app/vendor/php-di/dm.php on line 52
[17-Feb-2016 14:28:26 Asia/Shanghai] PHP Fatal error:  Uncaught exception 'RuntimeException' with message 'Unknown provider 'controller' encountered' in /web/www/php-wireframe/app/vendor/php-di/dm.php:52
Stack trace:
#0 [internal function]: DependencyManager->{closure}('controller', Object(Injector))
#1 /web/www/php-wireframe/app/vendor/php-di/injector.php(72): call_user_func(Object(Closure), 'controller', Object(Injector))
#2 /web/www/php-wireframe/app/vendor/php-di/dm.php(105): Injector->get('controller')
#3 /web/www/php-wireframe/app/vendor/php-di/dm.php(95): DependencyManager->runQueue(Array, Object(Injector))
#4 /web/www/php-wireframe/app/vendor/php-di/dm.php(72): DependencyManager->loadModules(Array, Object(Injector))
#5 /web/www/php-wireframe/app/application.php(30): DependencyManager->createInjector(Array)
#6 /web/www/php-wireframe/public/index.php(8): Application::bootstrap('core', NULL, Object(Closure))
#7 {main}
  thrown in /web/www/php-wireframe/app/vendor/php-di/dm.php on line 52
[17-Feb-2016 14:28:26 Asia/Shanghai] PHP Fatal error:  Uncaught exception 'RuntimeException' with message 'Unknown provider 'controller' encountered' in /web/www/php-wireframe/app/vendor/php-di/dm.php:52
Stack trace:
#0 [internal function]: DependencyManager->{closure}('controller', Object(Injector))
#1 /web/www/php-wireframe/app/vendor/php-di/injector.php(72): call_user_func(Object(Closure), 'controller', Object(Injector))
#2 /web/www/php-wireframe/app/vendor/php-di/dm.php(105): Injector->get('controller')
#3 /web/www/php-wireframe/app/vendor/php-di/dm.php(95): DependencyManager->runQueue(Array, Object(Injector))
#4 /web/www/php-wireframe/app/vendor/php-di/dm.php(72): DependencyManager->loadModules(Array, Object(Injector))
#5 /web/www/php-wireframe/app/application.php(30): DependencyManager->createInjector(Array)
#6 /web/www/php-wireframe/public/index.php(8): Application::bootstrap('core', NULL, Object(Closure))
#7 {main}
  thrown in /web/www/php-wireframe/app/vendor/php-di/dm.php on line 52
[17-Feb-2016 14:28:26 Asia/Shanghai] PHP Fatal error:  Uncaught exception 'RuntimeException' with message 'Unknown provider 'controller' encountered' in /web/www/php-wireframe/app/vendor/php-di/dm.php:52
Stack trace:
#0 [internal function]: DependencyManager->{closure}('controller', Object(Injector))
#1 /web/www/php-wireframe/app/vendor/php-di/injector.php(72): call_user_func(Object(Closure), 'controller', Object(Injector))
#2 /web/www/php-wireframe/app/vendor/php-di/dm.php(105): Injector->get('controller')
#3 /web/www/php-wireframe/app/vendor/php-di/dm.php(95): DependencyManager->runQueue(Array, Object(Injector))
#4 /web/www/php-wireframe/app/vendor/php-di/dm.php(72): DependencyManager->loadModules(Array, Object(Injector))
#5 /web/www/php-wireframe/app/application.php(30): DependencyManager->createInjector(Array)
#6 /web/www/php-wireframe/public/index.php(8): Application::bootstrap('core', NULL, Object(Closure))
#7 {main}
  thrown in /web/www/php-wireframe/app/vendor/php-di/dm.php on line 52
[17-Feb-2016 14:28:26 Asia/Shanghai] PHP Fatal error:  Uncaught exception 'RuntimeException' with message 'Unknown provider 'controller' encountered' in /web/www/php-wireframe/app/vendor/php-di/dm.php:52
Stack trace:
#0 [internal function]: DependencyManager->{closure}('controller', Object(Injector))
#1 /web/www/php-wireframe/app/vendor/php-di/injector.php(72): call_user_func(Object(Closure), 'controller', Object(Injector))
#2 /web/www/php-wireframe/app/vendor/php-di/dm.php(105): Injector->get('controller')
#3 /web/www/php-wireframe/app/vendor/php-di/dm.php(95): DependencyManager->runQueue(Array, Object(Injector))
#4 /web/www/php-wireframe/app/vendor/php-di/dm.php(72): DependencyManager->loadModules(Array, Object(Injector))
#5 /web/www/php-wireframe/app/application.php(30): DependencyManager->createInjector(Array)
#6 /web/www/php-wireframe/public/index.php(8): Application::bootstrap('core', NULL, Object(Closure))
#7 {main}
  thrown in /web/www/php-wireframe/app/vendor/php-di/dm.php on line 52
[17-Feb-2016 14:28:27 Asia/Shanghai] PHP Fatal error:  Uncaught exception 'RuntimeException' with message 'Unknown provider 'controller' encountered' in /web/www/php-wireframe/app/vendor/php-di/dm.php:52
Stack trace:
#0 [internal function]: DependencyManager->{closure}('controller', Object(Injector))
#1 /web/www/php-wireframe/app/vendor/php-di/injector.php(72): call_user_func(Object(Closure), 'controller', Object(Injector))
#2 /web/www/php-wireframe/app/vendor/php-di/dm.php(105): Injector->get('controller')
#3 /web/www/php-wireframe/app/vendor/php-di/dm.php(95): DependencyManager->runQueue(Array, Object(Injector))
#4 /web/www/php-wireframe/app/vendor/php-di/dm.php(72): DependencyManager->loadModules(Array, Object(Injector))
#5 /web/www/php-wireframe/app/application.php(30): DependencyManager->createInjector(Array)
#6 /web/www/php-wireframe/public/index.php(8): Application::bootstrap('core', NULL, Object(Closure))
#7 {main}
  thrown in /web/www/php-wireframe/app/vendor/php-di/dm.php on line 52
[17-Feb-2016 14:28:27 Asia/Shanghai] PHP Fatal error:  Uncaught exception 'RuntimeException' with message 'Unknown provider 'controller' encountered' in /web/www/php-wireframe/app/vendor/php-di/dm.php:52
Stack trace:
#0 [internal function]: DependencyManager->{closure}('controller', Object(Injector))
#1 /web/www/php-wireframe/app/vendor/php-di/injector.php(72): call_user_func(Object(Closure), 'controller', Object(Injector))
#2 /web/www/php-wireframe/app/vendor/php-di/dm.php(105): Injector->get('controller')
#3 /web/www/php-wireframe/app/vendor/php-di/dm.php(95): DependencyManager->runQueue(Array, Object(Injector))
#4 /web/www/php-wireframe/app/vendor/php-di/dm.php(72): DependencyManager->loadModules(Array, Object(Injector))
#5 /web/www/php-wireframe/app/application.php(30): DependencyManager->createInjector(Array)
#6 /web/www/php-wireframe/public/index.php(8): Application::bootstrap('core', NULL, Object(Closure))
#7 {main}
  thrown in /web/www/php-wireframe/app/vendor/php-di/dm.php on line 52
[17-Feb-2016 14:28:27 Asia/Shanghai] PHP Fatal error:  Uncaught exception 'RuntimeException' with message 'Unknown provider 'controller' encountered' in /web/www/php-wireframe/app/vendor/php-di/dm.php:52
Stack trace:
#0 [internal function]: DependencyManager->{closure}('controller', Object(Injector))
#1 /web/www/php-wireframe/app/vendor/php-di/injector.php(72): call_user_func(Object(Closure), 'controller', Object(Injector))
#2 /web/www/php-wireframe/app/vendor/php-di/dm.php(105): Injector->get('controller')
#3 /web/www/php-wireframe/app/vendor/php-di/dm.php(95): DependencyManager->runQueue(Array, Object(Injector))
#4 /web/www/php-wireframe/app/vendor/php-di/dm.php(72): DependencyManager->loadModules(Array, Object(Injector))
#5 /web/www/php-wireframe/app/application.php(30): DependencyManager->createInjector(Array)
#6 /web/www/php-wireframe/public/index.php(8): Application::bootstrap('core', NULL, Object(Closure))
#7 {main}
  thrown in /web/www/php-wireframe/app/vendor/php-di/dm.php on line 52
[17-Feb-2016 14:28:27 Asia/Shanghai] PHP Fatal error:  Uncaught exception 'RuntimeException' with message 'Unknown provider 'controller' encountered' in /web/www/php-wireframe/app/vendor/php-di/dm.php:52
Stack trace:
#0 [internal function]: DependencyManager->{closure}('controller', Object(Injector))
#1 /web/www/php-wireframe/app/vendor/php-di/injector.php(72): call_user_func(Object(Closure), 'controller', Object(Injector))
#2 /web/www/php-wireframe/app/vendor/php-di/dm.php(105): Injector->get('controller')
#3 /web/www/php-wireframe/app/vendor/php-di/dm.php(95): DependencyManager->runQueue(Array, Object(Injector))
#4 /web/www/php-wireframe/app/vendor/php-di/dm.php(72): DependencyManager->loadModules(Array, Object(Injector))
#5 /web/www/php-wireframe/app/application.php(30): DependencyManager->createInjector(Array)
#6 /web/www/php-wireframe/public/index.php(8): Application::bootstrap('core', NULL, Object(Closure))
#7 {main}
  thrown in /web/www/php-wireframe/app/vendor/php-di/dm.php on line 52
[17-Feb-2016 14:28:27 Asia/Shanghai] PHP Fatal error:  Uncaught exception 'RuntimeException' with message 'Unknown provider 'controller' encountered' in /web/www/php-wireframe/app/vendor/php-di/dm.php:52
Stack trace:
#0 [internal function]: DependencyManager->{closure}('controller', Object(Injector))
#1 /web/www/php-wireframe/app/vendor/php-di/injector.php(72): call_user_func(Object(Closure), 'controller', Object(Injector))
#2 /web/www/php-wireframe/app/vendor/php-di/dm.php(105): Injector->get('controller')
#3 /web/www/php-wireframe/app/vendor/php-di/dm.php(95): DependencyManager->runQueue(Array, Object(Injector))
#4 /web/www/php-wireframe/app/vendor/php-di/dm.php(72): DependencyManager->loadModules(Array, Object(Injector))
#5 /web/www/php-wireframe/app/application.php(30): DependencyManager->createInjector(Array)
#6 /web/www/php-wireframe/public/index.php(8): Application::bootstrap('core', NULL, Object(Closure))
#7 {main}
  thrown in /web/www/php-wireframe/app/vendor/php-di/dm.php on line 52
[17-Feb-2016 14:28:27 Asia/Shanghai] PHP Fatal error:  Uncaught exception 'RuntimeException' with message 'Unknown provider 'controller' encountered' in /web/www/php-wireframe/app/vendor/php-di/dm.php:52
Stack trace:
#0 [internal function]: DependencyManager->{closure}('controller', Object(Injector))
#1 /web/www/php-wireframe/app/vendor/php-di/injector.php(72): call_user_func(Object(Closure), 'controller', Object(Injector))
#2 /web/www/php-wireframe/app/vendor/php-di/dm.php(105): Injector->get('controller')
#3 /web/www/php-wireframe/app/vendor/php-di/dm.php(95): DependencyManager->runQueue(Array, Object(Injector))
#4 /web/www/php-wireframe/app/vendor/php-di/dm.php(72): DependencyManager->loadModules(Array, Object(Injector))
#5 /web/www/php-wireframe/app/application.php(30): DependencyManager->createInjector(Array)
#6 /web/www/php-wireframe/public/index.php(8): Application::bootstrap('core', NULL, Object(Closure))
#7 {main}
  thrown in /web/www/php-wireframe/app/vendor/php-di/dm.php on line 52
[17-Feb-2016 14:28:29 Asia/Shanghai] PHP Fatal error:  Uncaught exception 'RuntimeException' with message 'Unknown provider 'controller' encountered' in /web/www/php-wireframe/app/vendor/php-di/dm.php:52
Stack trace:
#0 [internal function]: DependencyManager->{closure}('controller', Object(Injector))
#1 /web/www/php-wireframe/app/vendor/php-di/injector.php(72): call_user_func(Object(Closure), 'controller', Object(Injector))
#2 /web/www/php-wireframe/app/vendor/php-di/dm.php(105): Injector->get('controller')
#3 /web/www/php-wireframe/app/vendor/php-di/dm.php(95): DependencyManager->runQueue(Array, Object(Injector))
#4 /web/www/php-wireframe/app/vendor/php-di/dm.php(72): DependencyManager->loadModules(Array, Object(Injector))
#5 /web/www/php-wireframe/app/application.php(30): DependencyManager->createInjector(Array)
#6 /web/www/php-wireframe/public/index.php(8): Application::bootstrap('core', NULL, Object(Closure))
#7 {main}
  thrown in /web/www/php-wireframe/app/vendor/php-di/dm.php on line 52
[17-Feb-2016 14:28:29 Asia/Shanghai] PHP Fatal error:  Uncaught exception 'RuntimeException' with message 'Unknown provider 'controller' encountered' in /web/www/php-wireframe/app/vendor/php-di/dm.php:52
Stack trace:
#0 [internal function]: DependencyManager->{closure}('controller', Object(Injector))
#1 /web/www/php-wireframe/app/vendor/php-di/injector.php(72): call_user_func(Object(Closure), 'controller', Object(Injector))
#2 /web/www/php-wireframe/app/vendor/php-di/dm.php(105): Injector->get('controller')
#3 /web/www/php-wireframe/app/vendor/php-di/dm.php(95): DependencyManager->runQueue(Array, Object(Injector))
#4 /web/www/php-wireframe/app/vendor/php-di/dm.php(72): DependencyManager->loadModules(Array, Object(Injector))
#5 /web/www/php-wireframe/app/application.php(30): DependencyManager->createInjector(Array)
#6 /web/www/php-wireframe/public/index.php(8): Application::bootstrap('core', NULL, Object(Closure))
#7 {main}
  thrown in /web/www/php-wireframe/app/vendor/php-di/dm.php on line 52
[17-Feb-2016 14:28:29 Asia/Shanghai] PHP Fatal error:  Uncaught exception 'RuntimeException' with message 'Unknown provider 'controller' encountered' in /web/www/php-wireframe/app/vendor/php-di/dm.php:52
Stack trace:
#0 [internal function]: DependencyManager->{closure}('controller', Object(Injector))
#1 /web/www/php-wireframe/app/vendor/php-di/injector.php(72): call_user_func(Object(Closure), 'controller', Object(Injector))
#2 /web/www/php-wireframe/app/vendor/php-di/dm.php(105): Injector->get('controller')
#3 /web/www/php-wireframe/app/vendor/php-di/dm.php(95): DependencyManager->runQueue(Array, Object(Injector))
#4 /web/www/php-wireframe/app/vendor/php-di/dm.php(72): DependencyManager->loadModules(Array, Object(Injector))
#5 /web/www/php-wireframe/app/application.php(30): DependencyManager->createInjector(Array)
#6 /web/www/php-wireframe/public/index.php(8): Application::bootstrap('core', NULL, Object(Closure))
#7 {main}
  thrown in /web/www/php-wireframe/app/vendor/php-di/dm.php on line 52
[17-Feb-2016 14:28:30 Asia/Shanghai] PHP Fatal error:  Uncaught exception 'RuntimeException' with message 'Unknown provider 'controller' encountered' in /web/www/php-wireframe/app/vendor/php-di/dm.php:52
Stack trace:
#0 [internal function]: DependencyManager->{closure}('controller', Object(Injector))
#1 /web/www/php-wireframe/app/vendor/php-di/injector.php(72): call_user_func(Object(Closure), 'controller', Object(Injector))
#2 /web/www/php-wireframe/app/vendor/php-di/dm.php(105): Injector->get('controller')
#3 /web/www/php-wireframe/app/vendor/php-di/dm.php(95): DependencyManager->runQueue(Array, Object(Injector))
#4 /web/www/php-wireframe/app/vendor/php-di/dm.php(72): DependencyManager->loadModules(Array, Object(Injector))
#5 /web/www/php-wireframe/app/application.php(30): DependencyManager->createInjector(Array)
#6 /web/www/php-wireframe/public/index.php(8): Application::bootstrap('core', NULL, Object(Closure))
#7 {main}
  thrown in /web/www/php-wireframe/app/vendor/php-di/dm.php on line 52
[17-Feb-2016 14:28:30 Asia/Shanghai] PHP Fatal error:  Uncaught exception 'RuntimeException' with message 'Unknown provider 'controller' encountered' in /web/www/php-wireframe/app/vendor/php-di/dm.php:52
Stack trace:
#0 [internal function]: DependencyManager->{closure}('controller', Object(Injector))
#1 /web/www/php-wireframe/app/vendor/php-di/injector.php(72): call_user_func(Object(Closure), 'controller', Object(Injector))
#2 /web/www/php-wireframe/app/vendor/php-di/dm.php(105): Injector->get('controller')
#3 /web/www/php-wireframe/app/vendor/php-di/dm.php(95): DependencyManager->runQueue(Array, Object(Injector))
#4 /web/www/php-wireframe/app/vendor/php-di/dm.php(72): DependencyManager->loadModules(Array, Object(Injector))
#5 /web/www/php-wireframe/app/application.php(30): DependencyManager->createInjector(Array)
#6 /web/www/php-wireframe/public/index.php(8): Application::bootstrap('core', NULL, Object(Closure))
#7 {main}
  thrown in /web/www/php-wireframe/app/vendor/php-di/dm.php on line 52
[17-Feb-2016 14:28:30 Asia/Shanghai] PHP Fatal error:  Uncaught exception 'RuntimeException' with message 'Unknown provider 'controller' encountered' in /web/www/php-wireframe/app/vendor/php-di/dm.php:52
Stack trace:
#0 [internal function]: DependencyManager->{closure}('controller', Object(Injector))
#1 /web/www/php-wireframe/app/vendor/php-di/injector.php(72): call_user_func(Object(Closure), 'controller', Object(Injector))
#2 /web/www/php-wireframe/app/vendor/php-di/dm.php(105): Injector->get('controller')
#3 /web/www/php-wireframe/app/vendor/php-di/dm.php(95): DependencyManager->runQueue(Array, Object(Injector))
#4 /web/www/php-wireframe/app/vendor/php-di/dm.php(72): DependencyManager->loadModules(Array, Object(Injector))
#5 /web/www/php-wireframe/app/application.php(30): DependencyManager->createInjector(Array)
#6 /web/www/php-wireframe/public/index.php(8): Application::bootstrap('core', NULL, Object(Closure))
#7 {main}
  thrown in /web/www/php-wireframe/app/vendor/php-di/dm.php on line 52
[17-Feb-2016 14:28:30 Asia/Shanghai] PHP Fatal error:  Uncaught exception 'RuntimeException' with message 'Unknown provider 'controller' encountered' in /web/www/php-wireframe/app/vendor/php-di/dm.php:52
Stack trace:
#0 [internal function]: DependencyManager->{closure}('controller', Object(Injector))
#1 /web/www/php-wireframe/app/vendor/php-di/injector.php(72): call_user_func(Object(Closure), 'controller', Object(Injector))
#2 /web/www/php-wireframe/app/vendor/php-di/dm.php(105): Injector->get('controller')
#3 /web/www/php-wireframe/app/vendor/php-di/dm.php(95): DependencyManager->runQueue(Array, Object(Injector))
#4 /web/www/php-wireframe/app/vendor/php-di/dm.php(72): DependencyManager->loadModules(Array, Object(Injector))
#5 /web/www/php-wireframe/app/application.php(30): DependencyManager->createInjector(Array)
#6 /web/www/php-wireframe/public/index.php(8): Application::bootstrap('core', NULL, Object(Closure))
#7 {main}
  thrown in /web/www/php-wireframe/app/vendor/php-di/dm.php on line 52
[17-Feb-2016 14:28:30 Asia/Shanghai] PHP Fatal error:  Uncaught exception 'RuntimeException' with message 'Unknown provider 'controller' encountered' in /web/www/php-wireframe/app/vendor/php-di/dm.php:52
Stack trace:
#0 [internal function]: DependencyManager->{closure}('controller', Object(Injector))
#1 /web/www/php-wireframe/app/vendor/php-di/injector.php(72): call_user_func(Object(Closure), 'controller', Object(Injector))
#2 /web/www/php-wireframe/app/vendor/php-di/dm.php(105): Injector->get('controller')
#3 /web/www/php-wireframe/app/vendor/php-di/dm.php(95): DependencyManager->runQueue(Array, Object(Injector))
#4 /web/www/php-wireframe/app/vendor/php-di/dm.php(72): DependencyManager->loadModules(Array, Object(Injector))
#5 /web/www/php-wireframe/app/application.php(30): DependencyManager->createInjector(Array)
#6 /web/www/php-wireframe/public/index.php(8): Application::bootstrap('core', NULL, Object(Closure))
#7 {main}
  thrown in /web/www/php-wireframe/app/vendor/php-di/dm.php on line 52
[17-Feb-2016 14:28:30 Asia/Shanghai] PHP Fatal error:  Uncaught exception 'RuntimeException' with message 'Unknown provider 'controller' encountered' in /web/www/php-wireframe/app/vendor/php-di/dm.php:52
Stack trace:
#0 [internal function]: DependencyManager->{closure}('controller', Object(Injector))
#1 /web/www/php-wireframe/app/vendor/php-di/injector.php(72): call_user_func(Object(Closure), 'controller', Object(Injector))
#2 /web/www/php-wireframe/app/vendor/php-di/dm.php(105): Injector->get('controller')
#3 /web/www/php-wireframe/app/vendor/php-di/dm.php(95): DependencyManager->runQueue(Array, Object(Injector))
#4 /web/www/php-wireframe/app/vendor/php-di/dm.php(72): DependencyManager->loadModules(Array, Object(Injector))
#5 /web/www/php-wireframe/app/application.php(30): DependencyManager->createInjector(Array)
#6 /web/www/php-wireframe/public/index.php(8): Application::bootstrap('core', NULL, Object(Closure))
#7 {main}
  thrown in /web/www/php-wireframe/app/vendor/php-di/dm.php on line 52
[17-Feb-2016 14:28:30 Asia/Shanghai] PHP Fatal error:  Uncaught exception 'RuntimeException' with message 'Unknown provider 'controller' encountered' in /web/www/php-wireframe/app/vendor/php-di/dm.php:52
Stack trace:
#0 [internal function]: DependencyManager->{closure}('controller', Object(Injector))
#1 /web/www/php-wireframe/app/vendor/php-di/injector.php(72): call_user_func(Object(Closure), 'controller', Object(Injector))
#2 /web/www/php-wireframe/app/vendor/php-di/dm.php(105): Injector->get('controller')
#3 /web/www/php-wireframe/app/vendor/php-di/dm.php(95): DependencyManager->runQueue(Array, Object(Injector))
#4 /web/www/php-wireframe/app/vendor/php-di/dm.php(72): DependencyManager->loadModules(Array, Object(Injector))
#5 /web/www/php-wireframe/app/application.php(30): DependencyManager->createInjector(Array)
#6 /web/www/php-wireframe/public/index.php(8): Application::bootstrap('core', NULL, Object(Closure))
#7 {main}
  thrown in /web/www/php-wireframe/app/vendor/php-di/dm.php on line 52
[17-Feb-2016 14:28:31 Asia/Shanghai] PHP Fatal error:  Uncaught exception 'RuntimeException' with message 'Unknown provider 'controller' encountered' in /web/www/php-wireframe/app/vendor/php-di/dm.php:52
Stack trace:
#0 [internal function]: DependencyManager->{closure}('controller', Object(Injector))
#1 /web/www/php-wireframe/app/vendor/php-di/injector.php(72): call_user_func(Object(Closure), 'controller', Object(Injector))
#2 /web/www/php-wireframe/app/vendor/php-di/dm.php(105): Injector->get('controller')
#3 /web/www/php-wireframe/app/vendor/php-di/dm.php(95): DependencyManager->runQueue(Array, Object(Injector))
#4 /web/www/php-wireframe/app/vendor/php-di/dm.php(72): DependencyManager->loadModules(Array, Object(Injector))
#5 /web/www/php-wireframe/app/application.php(30): DependencyManager->createInjector(Array)
#6 /web/www/php-wireframe/public/index.php(8): Application::bootstrap('core', NULL, Object(Closure))
#7 {main}
  thrown in /web/www/php-wireframe/app/vendor/php-di/dm.php on line 52
[17-Feb-2016 14:28:31 Asia/Shanghai] PHP Fatal error:  Uncaught exception 'RuntimeException' with message 'Unknown provider 'controller' encountered' in /web/www/php-wireframe/app/vendor/php-di/dm.php:52
Stack trace:
#0 [internal function]: DependencyManager->{closure}('controller', Object(Injector))
#1 /web/www/php-wireframe/app/vendor/php-di/injector.php(72): call_user_func(Object(Closure), 'controller', Object(Injector))
#2 /web/www/php-wireframe/app/vendor/php-di/dm.php(105): Injector->get('controller')
#3 /web/www/php-wireframe/app/vendor/php-di/dm.php(95): DependencyManager->runQueue(Array, Object(Injector))
#4 /web/www/php-wireframe/app/vendor/php-di/dm.php(72): DependencyManager->loadModules(Array, Object(Injector))
#5 /web/www/php-wireframe/app/application.php(30): DependencyManager->createInjector(Array)
#6 /web/www/php-wireframe/public/index.php(8): Application::bootstrap('core', NULL, Object(Closure))
#7 {main}
  thrown in /web/www/php-wireframe/app/vendor/php-di/dm.php on line 52
[17-Feb-2016 14:28:31 Asia/Shanghai] PHP Fatal error:  Uncaught exception 'RuntimeException' with message 'Unknown provider 'controller' encountered' in /web/www/php-wireframe/app/vendor/php-di/dm.php:52
Stack trace:
#0 [internal function]: DependencyManager->{closure}('controller', Object(Injector))
#1 /web/www/php-wireframe/app/vendor/php-di/injector.php(72): call_user_func(Object(Closure), 'controller', Object(Injector))
#2 /web/www/php-wireframe/app/vendor/php-di/dm.php(105): Injector->get('controller')
#3 /web/www/php-wireframe/app/vendor/php-di/dm.php(95): DependencyManager->runQueue(Array, Object(Injector))
#4 /web/www/php-wireframe/app/vendor/php-di/dm.php(72): DependencyManager->loadModules(Array, Object(Injector))
#5 /web/www/php-wireframe/app/application.php(30): DependencyManager->createInjector(Array)
#6 /web/www/php-wireframe/public/index.php(8): Application::bootstrap('core', NULL, Object(Closure))
#7 {main}
  thrown in /web/www/php-wireframe/app/vendor/php-di/dm.php on line 52
[17-Feb-2016 14:28:31 Asia/Shanghai] PHP Fatal error:  Uncaught exception 'RuntimeException' with message 'Unknown provider 'controller' encountered' in /web/www/php-wireframe/app/vendor/php-di/dm.php:52
Stack trace:
#0 [internal function]: DependencyManager->{closure}('controller', Object(Injector))
#1 /web/www/php-wireframe/app/vendor/php-di/injector.php(72): call_user_func(Object(Closure), 'controller', Object(Injector))
#2 /web/www/php-wireframe/app/vendor/php-di/dm.php(105): Injector->get('controller')
#3 /web/www/php-wireframe/app/vendor/php-di/dm.php(95): DependencyManager->runQueue(Array, Object(Injector))
#4 /web/www/php-wireframe/app/vendor/php-di/dm.php(72): DependencyManager->loadModules(Array, Object(Injector))
#5 /web/www/php-wireframe/app/application.php(30): DependencyManager->createInjector(Array)
#6 /web/www/php-wireframe/public/index.php(8): Application::bootstrap('core', NULL, Object(Closure))
#7 {main}
  thrown in /web/www/php-wireframe/app/vendor/php-di/dm.php on line 52
[17-Feb-2016 14:28:45 Asia/Shanghai] PHP Fatal error:  Uncaught exception 'RuntimeException' with message 'Unknown provider 'controller' encountered' in /web/www/php-wireframe/app/vendor/php-di/dm.php:50
Stack trace:
#0 [internal function]: DependencyManager->{closure}('controller', Object(Injector))
#1 /web/www/php-wireframe/app/vendor/php-di/injector.php(72): call_user_func(Object(Closure), 'controller', Object(Injector))
#2 /web/www/php-wireframe/app/vendor/php-di/dm.php(103): Injector->get('controller')
#3 /web/www/php-wireframe/app/vendor/php-di/dm.php(93): DependencyManager->runQueue(Array, Object(Injector))
#4 /web/www/php-wireframe/app/vendor/php-di/dm.php(70): DependencyManager->loadModules(Array, Object(Injector))
#5 /web/www/php-wireframe/app/application.php(30): DependencyManager->createInjector(Array)
#6 /web/www/php-wireframe/public/index.php(8): Application::bootstrap('core', NULL, Object(Closure))
#7 {main}
  thrown in /web/www/php-wireframe/app/vendor/php-di/dm.php on line 50
[17-Feb-2016 14:28:45 Asia/Shanghai] PHP Fatal error:  Uncaught exception 'RuntimeException' with message 'Unknown provider 'controller' encountered' in /web/www/php-wireframe/app/vendor/php-di/dm.php:50
Stack trace:
#0 [internal function]: DependencyManager->{closure}('controller', Object(Injector))
#1 /web/www/php-wireframe/app/vendor/php-di/injector.php(72): call_user_func(Object(Closure), 'controller', Object(Injector))
#2 /web/www/php-wireframe/app/vendor/php-di/dm.php(103): Injector->get('controller')
#3 /web/www/php-wireframe/app/vendor/php-di/dm.php(93): DependencyManager->runQueue(Array, Object(Injector))
#4 /web/www/php-wireframe/app/vendor/php-di/dm.php(70): DependencyManager->loadModules(Array, Object(Injector))
#5 /web/www/php-wireframe/app/application.php(30): DependencyManager->createInjector(Array)
#6 /web/www/php-wireframe/public/index.php(8): Application::bootstrap('core', NULL, Object(Closure))
#7 {main}
  thrown in /web/www/php-wireframe/app/vendor/php-di/dm.php on line 50
[17-Feb-2016 14:28:53 Asia/Shanghai] PHP Fatal error:  Uncaught exception 'RuntimeException' with message 'Unknown provider 'controller' encountered' in /web/www/php-wireframe/app/vendor/php-di/dm.php:50
Stack trace:
#0 [internal function]: DependencyManager->{closure}('controller', Object(Injector))
#1 /web/www/php-wireframe/app/vendor/php-di/injector.php(72): call_user_func(Object(Closure), 'controller', Object(Injector))
#2 /web/www/php-wireframe/app/vendor/php-di/dm.php(103): Injector->get('controller')
#3 /web/www/php-wireframe/app/vendor/php-di/dm.php(93): DependencyManager->runQueue(Array, Object(Injector))
#4 /web/www/php-wireframe/app/vendor/php-di/dm.php(70): DependencyManager->loadModules(Array, Object(Injector))
#5 /web/www/php-wireframe/app/application.php(29): DependencyManager->createInjector(Array)
#6 /web/www/php-wireframe/public/index.php(8): Application::bootstrap('core', NULL, Object(Closure))
#7 {main}
  thrown in /web/www/php-wireframe/app/vendor/php-di/dm.php on line 50
[17-Feb-2016 14:28:53 Asia/Shanghai] PHP Fatal error:  Uncaught exception 'RuntimeException' with message 'Unknown provider 'controller' encountered' in /web/www/php-wireframe/app/vendor/php-di/dm.php:50
Stack trace:
#0 [internal function]: DependencyManager->{closure}('controller', Object(Injector))
#1 /web/www/php-wireframe/app/vendor/php-di/injector.php(72): call_user_func(Object(Closure), 'controller', Object(Injector))
#2 /web/www/php-wireframe/app/vendor/php-di/dm.php(103): Injector->get('controller')
#3 /web/www/php-wireframe/app/vendor/php-di/dm.php(93): DependencyManager->runQueue(Array, Object(Injector))
#4 /web/www/php-wireframe/app/vendor/php-di/dm.php(70): DependencyManager->loadModules(Array, Object(Injector))
#5 /web/www/php-wireframe/app/application.php(29): DependencyManager->createInjector(Array)
#6 /web/www/php-wireframe/public/index.php(8): Application::bootstrap('core', NULL, Object(Closure))
#7 {main}
  thrown in /web/www/php-wireframe/app/vendor/php-di/dm.php on line 50
[17-Feb-2016 14:29:55 Asia/Shanghai] PHP Fatal error:  Uncaught exception 'RuntimeException' with message 'Unknown provider 'controller' encountered' in /web/www/php-wireframe/app/vendor/php-di/dm.php:50
Stack trace:
#0 [internal function]: DependencyManager->{closure}('controller', Object(Injector))
#1 /web/www/php-wireframe/app/vendor/php-di/injector.php(72): call_user_func(Object(Closure), 'controller', Object(Injector))
#2 /web/www/php-wireframe/app/vendor/php-di/dm.php(103): Injector->get('controller')
#3 /web/www/php-wireframe/app/vendor/php-di/dm.php(93): DependencyManager->runQueue(Array, Object(Injector))
#4 /web/www/php-wireframe/app/vendor/php-di/dm.php(70): DependencyManager->loadModules(Array, Object(Injector))
#5 /web/www/php-wireframe/app/application.php(29): DependencyManager->createInjector(Array)
#6 /web/www/php-wireframe/public/index.php(8): Application::bootstrap('core', NULL, Object(Closure))
#7 {main}
  thrown in /web/www/php-wireframe/app/vendor/php-di/dm.php on line 50
[17-Feb-2016 14:29:55 Asia/Shanghai] PHP Fatal error:  Uncaught exception 'RuntimeException' with message 'Unknown provider 'controller' encountered' in /web/www/php-wireframe/app/vendor/php-di/dm.php:50
Stack trace:
#0 [internal function]: DependencyManager->{closure}('controller', Object(Injector))
#1 /web/www/php-wireframe/app/vendor/php-di/injector.php(72): call_user_func(Object(Closure), 'controller', Object(Injector))
#2 /web/www/php-wireframe/app/vendor/php-di/dm.php(103): Injector->get('controller')
#3 /web/www/php-wireframe/app/vendor/php-di/dm.php(93): DependencyManager->runQueue(Array, Object(Injector))
#4 /web/www/php-wireframe/app/vendor/php-di/dm.php(70): DependencyManager->loadModules(Array, Object(Injector))
#5 /web/www/php-wireframe/app/application.php(29): DependencyManager->createInjector(Array)
#6 /web/www/php-wireframe/public/index.php(8): Application::bootstrap('core', NULL, Object(Closure))
#7 {main}
  thrown in /web/www/php-wireframe/app/vendor/php-di/dm.php on line 50
[17-Feb-2016 14:29:55 Asia/Shanghai] PHP Fatal error:  Uncaught exception 'RuntimeException' with message 'Unknown provider 'controller' encountered' in /web/www/php-wireframe/app/vendor/php-di/dm.php:50
Stack trace:
#0 [internal function]: DependencyManager->{closure}('controller', Object(Injector))
#1 /web/www/php-wireframe/app/vendor/php-di/injector.php(72): call_user_func(Object(Closure), 'controller', Object(Injector))
#2 /web/www/php-wireframe/app/vendor/php-di/dm.php(103): Injector->get('controller')
#3 /web/www/php-wireframe/app/vendor/php-di/dm.php(93): DependencyManager->runQueue(Array, Object(Injector))
#4 /web/www/php-wireframe/app/vendor/php-di/dm.php(70): DependencyManager->loadModules(Array, Object(Injector))
#5 /web/www/php-wireframe/app/application.php(29): DependencyManager->createInjector(Array)
#6 /web/www/php-wireframe/public/index.php(8): Application::bootstrap('core', NULL, Object(Closure))
#7 {main}
  thrown in /web/www/php-wireframe/app/vendor/php-di/dm.php on line 50
[17-Feb-2016 14:29:55 Asia/Shanghai] PHP Fatal error:  Uncaught exception 'RuntimeException' with message 'Unknown provider 'controller' encountered' in /web/www/php-wireframe/app/vendor/php-di/dm.php:50
Stack trace:
#0 [internal function]: DependencyManager->{closure}('controller', Object(Injector))
#1 /web/www/php-wireframe/app/vendor/php-di/injector.php(72): call_user_func(Object(Closure), 'controller', Object(Injector))
#2 /web/www/php-wireframe/app/vendor/php-di/dm.php(103): Injector->get('controller')
#3 /web/www/php-wireframe/app/vendor/php-di/dm.php(93): DependencyManager->runQueue(Array, Object(Injector))
#4 /web/www/php-wireframe/app/vendor/php-di/dm.php(70): DependencyManager->loadModules(Array, Object(Injector))
#5 /web/www/php-wireframe/app/application.php(29): DependencyManager->createInjector(Array)
#6 /web/www/php-wireframe/public/index.php(8): Application::bootstrap('core', NULL, Object(Closure))
#7 {main}
  thrown in /web/www/php-wireframe/app/vendor/php-di/dm.php on line 50
[17-Feb-2016 14:29:55 Asia/Shanghai] PHP Fatal error:  Uncaught exception 'RuntimeException' with message 'Unknown provider 'controller' encountered' in /web/www/php-wireframe/app/vendor/php-di/dm.php:50
Stack trace:
#0 [internal function]: DependencyManager->{closure}('controller', Object(Injector))
#1 /web/www/php-wireframe/app/vendor/php-di/injector.php(72): call_user_func(Object(Closure), 'controller', Object(Injector))
#2 /web/www/php-wireframe/app/vendor/php-di/dm.php(103): Injector->get('controller')
#3 /web/www/php-wireframe/app/vendor/php-di/dm.php(93): DependencyManager->runQueue(Array, Object(Injector))
#4 /web/www/php-wireframe/app/vendor/php-di/dm.php(70): DependencyManager->loadModules(Array, Object(Injector))
#5 /web/www/php-wireframe/app/application.php(29): DependencyManager->createInjector(Array)
#6 /web/www/php-wireframe/public/index.php(8): Application::bootstrap('core', NULL, Object(Closure))
#7 {main}
  thrown in /web/www/php-wireframe/app/vendor/php-di/dm.php on line 50
[17-Feb-2016 14:29:55 Asia/Shanghai] PHP Fatal error:  Uncaught exception 'RuntimeException' with message 'Unknown provider 'controller' encountered' in /web/www/php-wireframe/app/vendor/php-di/dm.php:50
Stack trace:
#0 [internal function]: DependencyManager->{closure}('controller', Object(Injector))
#1 /web/www/php-wireframe/app/vendor/php-di/injector.php(72): call_user_func(Object(Closure), 'controller', Object(Injector))
#2 /web/www/php-wireframe/app/vendor/php-di/dm.php(103): Injector->get('controller')
#3 /web/www/php-wireframe/app/vendor/php-di/dm.php(93): DependencyManager->runQueue(Array, Object(Injector))
#4 /web/www/php-wireframe/app/vendor/php-di/dm.php(70): DependencyManager->loadModules(Array, Object(Injector))
#5 /web/www/php-wireframe/app/application.php(29): DependencyManager->createInjector(Array)
#6 /web/www/php-wireframe/public/index.php(8): Application::bootstrap('core', NULL, Object(Closure))
#7 {main}
  thrown in /web/www/php-wireframe/app/vendor/php-di/dm.php on line 50
[17-Feb-2016 14:29:56 Asia/Shanghai] PHP Fatal error:  Uncaught exception 'RuntimeException' with message 'Unknown provider 'controller' encountered' in /web/www/php-wireframe/app/vendor/php-di/dm.php:50
Stack trace:
#0 [internal function]: DependencyManager->{closure}('controller', Object(Injector))
#1 /web/www/php-wireframe/app/vendor/php-di/injector.php(72): call_user_func(Object(Closure), 'controller', Object(Injector))
#2 /web/www/php-wireframe/app/vendor/php-di/dm.php(103): Injector->get('controller')
#3 /web/www/php-wireframe/app/vendor/php-di/dm.php(93): DependencyManager->runQueue(Array, Object(Injector))
#4 /web/www/php-wireframe/app/vendor/php-di/dm.php(70): DependencyManager->loadModules(Array, Object(Injector))
#5 /web/www/php-wireframe/app/application.php(29): DependencyManager->createInjector(Array)
#6 /web/www/php-wireframe/public/index.php(8): Application::bootstrap('core', NULL, Object(Closure))
#7 {main}
  thrown in /web/www/php-wireframe/app/vendor/php-di/dm.php on line 50
[17-Feb-2016 14:29:56 Asia/Shanghai] PHP Fatal error:  Uncaught exception 'RuntimeException' with message 'Unknown provider 'controller' encountered' in /web/www/php-wireframe/app/vendor/php-di/dm.php:50
Stack trace:
#0 [internal function]: DependencyManager->{closure}('controller', Object(Injector))
#1 /web/www/php-wireframe/app/vendor/php-di/injector.php(72): call_user_func(Object(Closure), 'controller', Object(Injector))
#2 /web/www/php-wireframe/app/vendor/php-di/dm.php(103): Injector->get('controller')
#3 /web/www/php-wireframe/app/vendor/php-di/dm.php(93): DependencyManager->runQueue(Array, Object(Injector))
#4 /web/www/php-wireframe/app/vendor/php-di/dm.php(70): DependencyManager->loadModules(Array, Object(Injector))
#5 /web/www/php-wireframe/app/application.php(29): DependencyManager->createInjector(Array)
#6 /web/www/php-wireframe/public/index.php(8): Application::bootstrap('core', NULL, Object(Closure))
#7 {main}
  thrown in /web/www/php-wireframe/app/vendor/php-di/dm.php on line 50
[17-Feb-2016 14:29:56 Asia/Shanghai] PHP Fatal error:  Uncaught exception 'RuntimeException' with message 'Unknown provider 'controller' encountered' in /web/www/php-wireframe/app/vendor/php-di/dm.php:50
Stack trace:
#0 [internal function]: DependencyManager->{closure}('controller', Object(Injector))
#1 /web/www/php-wireframe/app/vendor/php-di/injector.php(72): call_user_func(Object(Closure), 'controller', Object(Injector))
#2 /web/www/php-wireframe/app/vendor/php-di/dm.php(103): Injector->get('controller')
#3 /web/www/php-wireframe/app/vendor/php-di/dm.php(93): DependencyManager->runQueue(Array, Object(Injector))
#4 /web/www/php-wireframe/app/vendor/php-di/dm.php(70): DependencyManager->loadModules(Array, Object(Injector))
#5 /web/www/php-wireframe/app/application.php(29): DependencyManager->createInjector(Array)
#6 /web/www/php-wireframe/public/index.php(8): Application::bootstrap('core', NULL, Object(Closure))
#7 {main}
  thrown in /web/www/php-wireframe/app/vendor/php-di/dm.php on line 50
[17-Feb-2016 14:29:56 Asia/Shanghai] PHP Fatal error:  Uncaught exception 'RuntimeException' with message 'Unknown provider 'controller' encountered' in /web/www/php-wireframe/app/vendor/php-di/dm.php:50
Stack trace:
#0 [internal function]: DependencyManager->{closure}('controller', Object(Injector))
#1 /web/www/php-wireframe/app/vendor/php-di/injector.php(72): call_user_func(Object(Closure), 'controller', Object(Injector))
#2 /web/www/php-wireframe/app/vendor/php-di/dm.php(103): Injector->get('controller')
#3 /web/www/php-wireframe/app/vendor/php-di/dm.php(93): DependencyManager->runQueue(Array, Object(Injector))
#4 /web/www/php-wireframe/app/vendor/php-di/dm.php(70): DependencyManager->loadModules(Array, Object(Injector))
#5 /web/www/php-wireframe/app/application.php(29): DependencyManager->createInjector(Array)
#6 /web/www/php-wireframe/public/index.php(8): Application::bootstrap('core', NULL, Object(Closure))
#7 {main}
  thrown in /web/www/php-wireframe/app/vendor/php-di/dm.php on line 50
[17-Feb-2016 14:29:56 Asia/Shanghai] PHP Fatal error:  Uncaught exception 'RuntimeException' with message 'Unknown provider 'controller' encountered' in /web/www/php-wireframe/app/vendor/php-di/dm.php:50
Stack trace:
#0 [internal function]: DependencyManager->{closure}('controller', Object(Injector))
#1 /web/www/php-wireframe/app/vendor/php-di/injector.php(72): call_user_func(Object(Closure), 'controller', Object(Injector))
#2 /web/www/php-wireframe/app/vendor/php-di/dm.php(103): Injector->get('controller')
#3 /web/www/php-wireframe/app/vendor/php-di/dm.php(93): DependencyManager->runQueue(Array, Object(Injector))
#4 /web/www/php-wireframe/app/vendor/php-di/dm.php(70): DependencyManager->loadModules(Array, Object(Injector))
#5 /web/www/php-wireframe/app/application.php(29): DependencyManager->createInjector(Array)
#6 /web/www/php-wireframe/public/index.php(8): Application::bootstrap('core', NULL, Object(Closure))
#7 {main}
  thrown in /web/www/php-wireframe/app/vendor/php-di/dm.php on line 50
[17-Feb-2016 14:29:56 Asia/Shanghai] PHP Fatal error:  Uncaught exception 'RuntimeException' with message 'Unknown provider 'controller' encountered' in /web/www/php-wireframe/app/vendor/php-di/dm.php:50
Stack trace:
#0 [internal function]: DependencyManager->{closure}('controller', Object(Injector))
#1 /web/www/php-wireframe/app/vendor/php-di/injector.php(72): call_user_func(Object(Closure), 'controller', Object(Injector))
#2 /web/www/php-wireframe/app/vendor/php-di/dm.php(103): Injector->get('controller')
#3 /web/www/php-wireframe/app/vendor/php-di/dm.php(93): DependencyManager->runQueue(Array, Object(Injector))
#4 /web/www/php-wireframe/app/vendor/php-di/dm.php(70): DependencyManager->loadModules(Array, Object(Injector))
#5 /web/www/php-wireframe/app/application.php(29): DependencyManager->createInjector(Array)
#6 /web/www/php-wireframe/public/index.php(8): Application::bootstrap('core', NULL, Object(Closure))
#7 {main}
  thrown in /web/www/php-wireframe/app/vendor/php-di/dm.php on line 50
[17-Feb-2016 14:29:56 Asia/Shanghai] PHP Fatal error:  Uncaught exception 'RuntimeException' with message 'Unknown provider 'controller' encountered' in /web/www/php-wireframe/app/vendor/php-di/dm.php:50
Stack trace:
#0 [internal function]: DependencyManager->{closure}('controller', Object(Injector))
#1 /web/www/php-wireframe/app/vendor/php-di/injector.php(72): call_user_func(Object(Closure), 'controller', Object(Injector))
#2 /web/www/php-wireframe/app/vendor/php-di/dm.php(103): Injector->get('controller')
#3 /web/www/php-wireframe/app/vendor/php-di/dm.php(93): DependencyManager->runQueue(Array, Object(Injector))
#4 /web/www/php-wireframe/app/vendor/php-di/dm.php(70): DependencyManager->loadModules(Array, Object(Injector))
#5 /web/www/php-wireframe/app/application.php(29): DependencyManager->createInjector(Array)
#6 /web/www/php-wireframe/public/index.php(8): Application::bootstrap('core', NULL, Object(Closure))
#7 {main}
  thrown in /web/www/php-wireframe/app/vendor/php-di/dm.php on line 50
[17-Feb-2016 14:29:56 Asia/Shanghai] PHP Fatal error:  Uncaught exception 'RuntimeException' with message 'Unknown provider 'controller' encountered' in /web/www/php-wireframe/app/vendor/php-di/dm.php:50
Stack trace:
#0 [internal function]: DependencyManager->{closure}('controller', Object(Injector))
#1 /web/www/php-wireframe/app/vendor/php-di/injector.php(72): call_user_func(Object(Closure), 'controller', Object(Injector))
#2 /web/www/php-wireframe/app/vendor/php-di/dm.php(103): Injector->get('controller')
#3 /web/www/php-wireframe/app/vendor/php-di/dm.php(93): DependencyManager->runQueue(Array, Object(Injector))
#4 /web/www/php-wireframe/app/vendor/php-di/dm.php(70): DependencyManager->loadModules(Array, Object(Injector))
#5 /web/www/php-wireframe/app/application.php(29): DependencyManager->createInjector(Array)
#6 /web/www/php-wireframe/public/index.php(8): Application::bootstrap('core', NULL, Object(Closure))
#7 {main}
  thrown in /web/www/php-wireframe/app/vendor/php-di/dm.php on line 50
[17-Feb-2016 14:30:03 Asia/Shanghai] PHP Fatal error:  Uncaught exception 'RuntimeException' with message 'Unknown provider 'controller' encountered' in /web/www/php-wireframe/app/vendor/php-di/dm.php:50
Stack trace:
#0 [internal function]: DependencyManager->{closure}('controller', Object(Injector))
#1 /web/www/php-wireframe/app/vendor/php-di/injector.php(72): call_user_func(Object(Closure), 'controller', Object(Injector))
#2 /web/www/php-wireframe/app/vendor/php-di/dm.php(103): Injector->get('controller')
#3 /web/www/php-wireframe/app/vendor/php-di/dm.php(93): DependencyManager->runQueue(Array, Object(Injector))
#4 /web/www/php-wireframe/app/vendor/php-di/dm.php(70): DependencyManager->loadModules(Array, Object(Injector))
#5 /web/www/php-wireframe/app/application.php(29): DependencyManager->createInjector(Array)
#6 /web/www/php-wireframe/public/index.php(8): Application::bootstrap('core', NULL, Object(Closure))
#7 {main}
  thrown in /web/www/php-wireframe/app/vendor/php-di/dm.php on line 50
[17-Feb-2016 14:30:03 Asia/Shanghai] PHP Fatal error:  Uncaught exception 'RuntimeException' with message 'Unknown provider 'controller' encountered' in /web/www/php-wireframe/app/vendor/php-di/dm.php:50
Stack trace:
#0 [internal function]: DependencyManager->{closure}('controller', Object(Injector))
#1 /web/www/php-wireframe/app/vendor/php-di/injector.php(72): call_user_func(Object(Closure), 'controller', Object(Injector))
#2 /web/www/php-wireframe/app/vendor/php-di/dm.php(103): Injector->get('controller')
#3 /web/www/php-wireframe/app/vendor/php-di/dm.php(93): DependencyManager->runQueue(Array, Object(Injector))
#4 /web/www/php-wireframe/app/vendor/php-di/dm.php(70): DependencyManager->loadModules(Array, Object(Injector))
#5 /web/www/php-wireframe/app/application.php(29): DependencyManager->createInjector(Array)
#6 /web/www/php-wireframe/public/index.php(8): Application::bootstrap('core', NULL, Object(Closure))
#7 {main}
  thrown in /web/www/php-wireframe/app/vendor/php-di/dm.php on line 50
[17-Feb-2016 14:30:33 Asia/Shanghai] PHP Fatal error:  Uncaught exception 'RuntimeException' with message 'Unknown provider 'controller' encountered' in /web/www/php-wireframe/app/vendor/php-di/dm.php:50
Stack trace:
#0 [internal function]: DependencyManager->{closure}('controller', Object(Injector))
#1 /web/www/php-wireframe/app/vendor/php-di/injector.php(72): call_user_func(Object(Closure), 'controller', Object(Injector))
#2 /web/www/php-wireframe/app/vendor/php-di/dm.php(104): Injector->get('controller')
#3 /web/www/php-wireframe/app/vendor/php-di/dm.php(93): DependencyManager->runQueue(Array, Object(Injector))
#4 /web/www/php-wireframe/app/vendor/php-di/dm.php(70): DependencyManager->loadModules(Array, Object(Injector))
#5 /web/www/php-wireframe/app/application.php(29): DependencyManager->createInjector(Array)
#6 /web/www/php-wireframe/public/index.php(8): Application::bootstrap('core', NULL, Object(Closure))
#7 {main}
  thrown in /web/www/php-wireframe/app/vendor/php-di/dm.php on line 50
[17-Feb-2016 14:30:34 Asia/Shanghai] PHP Fatal error:  Uncaught exception 'RuntimeException' with message 'Unknown provider 'controller' encountered' in /web/www/php-wireframe/app/vendor/php-di/dm.php:50
Stack trace:
#0 [internal function]: DependencyManager->{closure}('controller', Object(Injector))
#1 /web/www/php-wireframe/app/vendor/php-di/injector.php(72): call_user_func(Object(Closure), 'controller', Object(Injector))
#2 /web/www/php-wireframe/app/vendor/php-di/dm.php(104): Injector->get('controller')
#3 /web/www/php-wireframe/app/vendor/php-di/dm.php(93): DependencyManager->runQueue(Array, Object(Injector))
#4 /web/www/php-wireframe/app/vendor/php-di/dm.php(70): DependencyManager->loadModules(Array, Object(Injector))
#5 /web/www/php-wireframe/app/application.php(29): DependencyManager->createInjector(Array)
#6 /web/www/php-wireframe/public/index.php(8): Application::bootstrap('core', NULL, Object(Closure))
#7 {main}
  thrown in /web/www/php-wireframe/app/vendor/php-di/dm.php on line 50
[17-Feb-2016 14:30:36 Asia/Shanghai] PHP Fatal error:  Uncaught exception 'RuntimeException' with message 'Unknown provider 'controller' encountered' in /web/www/php-wireframe/app/vendor/php-di/dm.php:50
Stack trace:
#0 [internal function]: DependencyManager->{closure}('controller', Object(Injector))
#1 /web/www/php-wireframe/app/vendor/php-di/injector.php(72): call_user_func(Object(Closure), 'controller', Object(Injector))
#2 /web/www/php-wireframe/app/vendor/php-di/dm.php(104): Injector->get('controller')
#3 /web/www/php-wireframe/app/vendor/php-di/dm.php(93): DependencyManager->runQueue(Array, Object(Injector))
#4 /web/www/php-wireframe/app/vendor/php-di/dm.php(70): DependencyManager->loadModules(Array, Object(Injector))
#5 /web/www/php-wireframe/app/application.php(29): DependencyManager->createInjector(Array)
#6 /web/www/php-wireframe/public/index.php(8): Application::bootstrap('core', NULL, Object(Closure))
#7 {main}
  thrown in /web/www/php-wireframe/app/vendor/php-di/dm.php on line 50
[17-Feb-2016 14:30:36 Asia/Shanghai] PHP Fatal error:  Uncaught exception 'RuntimeException' with message 'Unknown provider 'controller' encountered' in /web/www/php-wireframe/app/vendor/php-di/dm.php:50
Stack trace:
#0 [internal function]: DependencyManager->{closure}('controller', Object(Injector))
#1 /web/www/php-wireframe/app/vendor/php-di/injector.php(72): call_user_func(Object(Closure), 'controller', Object(Injector))
#2 /web/www/php-wireframe/app/vendor/php-di/dm.php(104): Injector->get('controller')
#3 /web/www/php-wireframe/app/vendor/php-di/dm.php(93): DependencyManager->runQueue(Array, Object(Injector))
#4 /web/www/php-wireframe/app/vendor/php-di/dm.php(70): DependencyManager->loadModules(Array, Object(Injector))
#5 /web/www/php-wireframe/app/application.php(29): DependencyManager->createInjector(Array)
#6 /web/www/php-wireframe/public/index.php(8): Application::bootstrap('core', NULL, Object(Closure))
#7 {main}
  thrown in /web/www/php-wireframe/app/vendor/php-di/dm.php on line 50
[17-Feb-2016 14:33:59 Asia/Shanghai] PHP Fatal error:  Uncaught exception 'RuntimeException' with message 'Unknown provider 'controller' encountered' in /web/www/php-wireframe/app/vendor/php-di/dm.php:50
Stack trace:
#0 [internal function]: DependencyManager->{closure}('controller', Object(Injector))
#1 /web/www/php-wireframe/app/vendor/php-di/injector.php(72): call_user_func(Object(Closure), 'controller', Object(Injector))
#2 /web/www/php-wireframe/app/vendor/php-di/dm.php(106): Injector->get('controller')
#3 /web/www/php-wireframe/app/vendor/php-di/dm.php(93): DependencyManager->runQueue(Array, Object(Injector))
#4 /web/www/php-wireframe/app/vendor/php-di/dm.php(70): DependencyManager->loadModules(Array, Object(Injector))
#5 /web/www/php-wireframe/app/application.php(29): DependencyManager->createInjector(Array)
#6 /web/www/php-wireframe/public/index.php(8): Application::bootstrap('core', NULL, Object(Closure))
#7 {main}
  thrown in /web/www/php-wireframe/app/vendor/php-di/dm.php on line 50
[17-Feb-2016 14:33:59 Asia/Shanghai] PHP Fatal error:  Uncaught exception 'RuntimeException' with message 'Unknown provider 'controller' encountered' in /web/www/php-wireframe/app/vendor/php-di/dm.php:50
Stack trace:
#0 [internal function]: DependencyManager->{closure}('controller', Object(Injector))
#1 /web/www/php-wireframe/app/vendor/php-di/injector.php(72): call_user_func(Object(Closure), 'controller', Object(Injector))
#2 /web/www/php-wireframe/app/vendor/php-di/dm.php(106): Injector->get('controller')
#3 /web/www/php-wireframe/app/vendor/php-di/dm.php(93): DependencyManager->runQueue(Array, Object(Injector))
#4 /web/www/php-wireframe/app/vendor/php-di/dm.php(70): DependencyManager->loadModules(Array, Object(Injector))
#5 /web/www/php-wireframe/app/application.php(29): DependencyManager->createInjector(Array)
#6 /web/www/php-wireframe/public/index.php(8): Application::bootstrap('core', NULL, Object(Closure))
#7 {main}
  thrown in /web/www/php-wireframe/app/vendor/php-di/dm.php on line 50
[17-Feb-2016 14:38:45 Asia/Shanghai] PHP Fatal error:  Uncaught exception 'InvalidArgumentException' with message 'Badly formed controller string 'PageController'' in /web/www/php-wireframe/app/vendor/php-di/lib/controller.php:17
Stack trace:
#0 /web/www/php-wireframe/app/vendor/php-di/lib/controller.php(50): ControllerProvider->resolve('PageController', true)
#1 /web/www/php-wireframe/public/index.php(5): ControllerFactory->create('PageController')
#2 [internal function]: {closure}(Object(Application), Object(ControllerFactory))
#3 /web/www/php-wireframe/app/vendor/php-di/injector.php(33): call_user_func_array(Object(Closure), Array)
#4 /web/www/php-wireframe/app/vendor/php-di/dm.php(71): Injector->invoke(Object(Closure))
#5 /web/www/php-wireframe/app/application.php(29): DependencyManager->createInjector(Array)
#6 /web/www/php-wireframe/public/index.php(8): Application::bootstrap('core', NULL, Object(Closure))
#7 {main}
  thrown in /web/www/php-wireframe/app/vendor/php-di/lib/controller.php on line 17
[17-Feb-2016 14:38:45 Asia/Shanghai] PHP Fatal error:  Uncaught exception 'InvalidArgumentException' with message 'Badly formed controller string 'PageController'' in /web/www/php-wireframe/app/vendor/php-di/lib/controller.php:17
Stack trace:
#0 /web/www/php-wireframe/app/vendor/php-di/lib/controller.php(50): ControllerProvider->resolve('PageController', true)
#1 /web/www/php-wireframe/public/index.php(5): ControllerFactory->create('PageController')
#2 [internal function]: {closure}(Object(Application), Object(ControllerFactory))
#3 /web/www/php-wireframe/app/vendor/php-di/injector.php(33): call_user_func_array(Object(Closure), Array)
#4 /web/www/php-wireframe/app/vendor/php-di/dm.php(71): Injector->invoke(Object(Closure))
#5 /web/www/php-wireframe/app/application.php(29): DependencyManager->createInjector(Array)
#6 /web/www/php-wireframe/public/index.php(8): Application::bootstrap('core', NULL, Object(Closure))
#7 {main}
  thrown in /web/www/php-wireframe/app/vendor/php-di/lib/controller.php on line 17
[17-Feb-2016 14:39:06 Asia/Shanghai] PHP Warning:  Missing argument 2 for PageController::home() in /web/www/php-wireframe/app/modules/core/controllers/page.php on line 7
[17-Feb-2016 14:39:06 Asia/Shanghai] PHP Notice:  Undefined variable: res in /web/www/php-wireframe/app/modules/core/controllers/page.php on line 8
[17-Feb-2016 14:39:06 Asia/Shanghai] PHP Fatal error:  Call to a member function send() on a non-object in /web/www/php-wireframe/app/modules/core/controllers/page.php on line 8
